2014-07-16 09:39:18,151 INFO      Start!
2014-07-16 09:39:18,167 INFO      Find Directory:  4318140303002DX_P4-3
2014-07-16 09:39:18,168 INFO      Find Directory:  4318140303002DX_P4-4
2014-07-16 09:39:18,194 INFO      D:\Python\BD\4318140303002DX_P4-3\0003.bd =  
2014-07-16 09:39:18,348 INFO      D:\Python\BD\4318140303002DX_P4-3\0004.bd = C
2014-07-16 09:39:18,391 INFO      D:\Python\BD\4318140303002DX_P4-3\0005.bd = B
2014-07-16 09:39:18,440 INFO      D:\Python\BD\4318140303002DX_P4-3\0006.bd = B
2014-07-16 09:39:18,480 INFO      D:\Python\BD\4318140303002DX_P4-3\0007.bd = B
2014-07-16 09:39:18,529 INFO      Success!
2014-07-16 09:39:18,529 INFO      
2014-07-16 09:39:18,536 INFO      D:\Python\BD\4318140303002DX_P4-4\0004.bd = C
2014-07-16 09:39:18,578 INFO      Success!
2014-07-16 09:39:18,578 INFO      
2014-07-16 09:39:54,648 INFO      Start!
2014-07-16 09:39:54,668 INFO      Find Directory:  4318140303002DX_P4-3
2014-07-16 09:39:54,670 INFO      Find Directory:  4318140303002DX_P4-4
2014-07-16 09:39:54,690 INFO      D:\Python\BD\4318140303002DX_P4-3\0003.bd =  
2014-07-16 09:39:54,851 INFO      D:\Python\BD\4318140303002DX_P4-3\0004.bd = C
2014-07-16 09:39:54,892 INFO      D:\Python\BD\4318140303002DX_P4-3\0005.bd = B
2014-07-16 09:39:54,944 INFO      D:\Python\BD\4318140303002DX_P4-3\0006.bd = B
2014-07-16 09:39:54,989 INFO      D:\Python\BD\4318140303002DX_P4-3\0007.bd = B
2014-07-16 09:39:55,038 INFO      Success!
2014-07-16 09:39:55,038 INFO      
2014-07-16 09:39:55,046 INFO      D:\Python\BD\4318140303002DX_P4-4\0004.bd = C
2014-07-16 09:39:55,078 INFO      Success!
2014-07-16 09:39:55,079 INFO      
2014-07-16 09:40:09,976 INFO      Start!
2014-07-16 09:40:09,977 INFO     **Wrong Directory:  4318140303002DX_P4-3
2014-07-16 09:40:09,979 INFO     **Wrong Directory:  4318140303002DX_P4-4
2014-07-16 09:40:21,915 INFO      Start!
2014-07-16 09:40:21,917 INFO     *Wrong Directory:  4318140303002DX_P4-3
2014-07-16 09:40:21,917 INFO     *Wrong Directory:  4318140303002DX_P4-4
2014-07-16 09:42:17,178 INFO      ***************************************************
2014-07-16 09:42:17,180 INFO      Start!
2014-07-16 09:42:17,181 INFO     *Wrong Directory:  4318140303002DX_P4-3
2014-07-16 09:42:17,183 INFO     *Wrong Directory:  4318140303002DX_P4-4
2014-07-16 09:42:51,595 INFO     ----------------------------------------------------------------
2014-07-16 09:42:51,595 INFO      Start!
2014-07-16 09:42:51,598 INFO     *Wrong Directory:  4318140303002DX_P4-3
2014-07-16 09:42:51,598 INFO     *Wrong Directory:  4318140303002DX_P4-4
2014-07-16 09:43:02,921 INFO     ----------------------------------------------------------------
2014-07-16 09:43:02,921 INFO      Start!
2014-07-16 09:43:02,938 INFO      Find Directory:  4318140303002DX_P4-3
2014-07-16 09:43:02,940 INFO      Find Directory:  4318140303002DX_P4-4
2014-07-16 09:43:02,963 INFO      D:\Python\BD\4318140303002DX_P4-3\0003.bd =  
2014-07-16 09:43:03,112 INFO      D:\Python\BD\4318140303002DX_P4-3\0004.bd = C
2014-07-16 09:43:03,153 INFO      D:\Python\BD\4318140303002DX_P4-3\0005.bd = B
2014-07-16 09:43:03,201 INFO      D:\Python\BD\4318140303002DX_P4-3\0006.bd = B
2014-07-16 09:43:03,249 INFO      D:\Python\BD\4318140303002DX_P4-3\0007.bd = B
2014-07-16 09:43:03,295 INFO      Success!
2014-07-16 09:43:03,302 INFO      D:\Python\BD\4318140303002DX_P4-4\0004.bd = C
2014-07-16 09:43:03,351 INFO      Success!
2014-07-16 09:43:20,729 INFO      ----------------------------------------------------------------
2014-07-16 09:43:20,730 INFO      Start!
2014-07-16 09:43:20,750 INFO      Find Directory:  4318140303002DX_P4-3
2014-07-16 09:43:20,752 INFO      Find Directory:  4318140303002DX_P4-4
2014-07-16 09:43:20,775 INFO      D:\Python\BD\4318140303002DX_P4-3\0003.bd =  
2014-07-16 09:43:20,918 INFO      D:\Python\BD\4318140303002DX_P4-3\0004.bd = C
2014-07-16 09:43:20,957 INFO      D:\Python\BD\4318140303002DX_P4-3\0005.bd = B
2014-07-16 09:43:21,010 INFO      D:\Python\BD\4318140303002DX_P4-3\0006.bd = B
2014-07-16 09:43:21,061 INFO      D:\Python\BD\4318140303002DX_P4-3\0007.bd = B
2014-07-16 09:43:21,105 INFO      Success!
2014-07-16 09:43:21,112 INFO      D:\Python\BD\4318140303002DX_P4-4\0004.bd = C
2014-07-16 09:43:21,151 INFO      Success!
2014-07-16 10:37:07,941 INFO      --------------------------------------------------------------
2014-07-16 10:37:07,943 INFO      Start!
2014-07-16 10:37:07,961 INFO      Find Directory:  2504140520003DX_P7-7
2014-07-16 10:37:07,963 INFO      Find Directory:  4318140303002DX_P4-3
2014-07-16 10:37:07,963 INFO      Find Directory:  4318140303002DX_P4-4
2014-07-16 10:37:07,967 INFO      Success!
2014-07-16 10:37:07,993 INFO      D:\Python\BD\4318140303002DX_P4-3\0003.bd =  
2014-07-16 10:37:08,382 INFO      D:\Python\BD\4318140303002DX_P4-3\0004.bd = C
2014-07-16 10:37:08,421 INFO      D:\Python\BD\4318140303002DX_P4-3\0005.bd = B
2014-07-16 10:37:08,467 INFO      D:\Python\BD\4318140303002DX_P4-3\0006.bd = B
2014-07-16 10:37:08,506 INFO      D:\Python\BD\4318140303002DX_P4-3\0007.bd = B
2014-07-16 10:37:08,546 INFO      Success!
2014-07-16 10:37:08,553 INFO      D:\Python\BD\4318140303002DX_P4-4\0004.bd = C
2014-07-16 10:37:08,599 INFO      Success!
2014-07-16 10:39:52,993 INFO      --------------------------------------------------------------
2014-07-16 10:39:52,993 INFO      Start!
2014-07-16 10:39:53,019 INFO      Find Directory:  2504140520003DX_P7-7
2014-07-16 10:39:53,020 INFO      Find Directory:  4318140303002DX_P4-4
2014-07-16 10:39:53,020 INFO     *Wrong Directory:  4318140303002sDX_P4-3
2014-07-16 10:39:53,023 INFO      Success!
2014-07-16 10:39:53,055 INFO      D:\Python\BD\4318140303002DX_P4-4\0004.bd = C
2014-07-16 10:39:53,219 INFO      Success!
2014-07-16 14:47:12,663 INFO      --------------------------------------------------------------
2014-07-16 14:47:12,664 INFO      Start!
2014-07-16 14:47:12,680 INFO      Find Directory:  2504140520003DX_P7-7
2014-07-16 14:47:12,681 INFO      Find Directory:  4318140303002DX_P4-4
2014-07-16 14:47:12,681 INFO     *Wrong Directory:  4318140303002sDX_P4-3
2014-07-16 14:47:12,684 INFO      Success!
2014-07-16 14:47:12,709 INFO      D:\Python\BD\4318140303002DX_P4-4\0004.bd = C
2014-07-16 14:47:12,865 INFO      Success!
2014-07-16 14:47:35,239 INFO      --------------------------------------------------------------
2014-07-16 14:47:35,239 INFO      Start!
2014-07-16 14:47:35,262 INFO      Find Directory:  2504140520003DX_P7-7
2014-07-16 14:47:35,263 INFO      Find Directory:  4318140303002DX_P4-3
2014-07-16 14:47:35,263 INFO      Find Directory:  4318140303002DX_P4-4
2014-07-16 14:47:35,266 INFO      Success!
2014-07-16 14:47:35,289 INFO      D:\Python\BD\4318140303002DX_P4-3\0003.bd =  
2014-07-16 14:47:35,443 INFO      D:\Python\BD\4318140303002DX_P4-3\0004.bds = C
2014-07-16 14:47:38,223 INFO      D:\Python\BD\4318140303002DX_P4-3\0005.bd = B
2014-07-16 14:47:38,276 INFO      D:\Python\BD\4318140303002DX_P4-3\0006.bd = B
2014-07-16 14:47:38,322 INFO      D:\Python\BD\4318140303002DX_P4-3\0007.bd = B
2014-07-16 14:47:38,365 INFO      Success!
2014-07-16 14:47:38,372 INFO      D:\Python\BD\4318140303002DX_P4-4\0004.bd = C
2014-07-16 14:47:38,414 INFO      Success!
2014-07-16 14:47:46,966 INFO      --------------------------------------------------------------
2014-07-16 14:47:46,967 INFO      Start!
2014-07-16 14:47:46,986 INFO      Find Directory:  2504140520003DX_P7-7
2014-07-16 14:47:46,987 INFO      Find Directory:  4318140303002DX_P4-3
2014-07-16 14:47:46,987 INFO      Find Directory:  4318140303002DX_P4-4
2014-07-16 14:47:46,990 INFO      Success!
2014-07-16 14:47:47,015 INFO      D:\Python\BD\4318140303002DX_P4-3\0003.bd =  
2014-07-16 14:47:47,147 INFO      D:\Python\BD\4318140303002DX_P4-3\0004.bds = C
2014-07-16 14:47:47,200 INFO      D:\Python\BD\4318140303002DX_P4-3\0005.bd = B
2014-07-16 14:47:47,250 INFO      D:\Python\BD\4318140303002DX_P4-3\0006.bd = B
2014-07-16 14:47:47,301 INFO      D:\Python\BD\4318140303002DX_P4-3\0007.bd = B
2014-07-16 14:47:47,348 INFO      Success!
2014-07-16 14:47:47,355 INFO      D:\Python\BD\4318140303002DX_P4-4\0004.bd = C
2014-07-16 14:47:47,398 INFO      Success!
2014-07-16 14:48:14,566 INFO      --------------------------------------------------------------
2014-07-16 14:48:14,566 INFO      Start!
2014-07-16 14:48:14,586 INFO      Find Directory:  2504140520003DX_P7-7
2014-07-16 14:48:14,588 INFO      Find Directory:  4318140303002DX_P4-3
2014-07-16 14:48:14,588 INFO      Find Directory:  4318140303002DX_P4-4
2014-07-16 14:48:14,591 INFO      Success!
2014-07-16 14:48:14,614 INFO      D:\Python\BD\4318140303002DX_P4-3\0003.bd =  
2014-07-16 14:48:14,769 INFO      D:\Python\BD\4318140303002DX_P4-3\0004.ss = C
2014-07-16 14:48:17,404 INFO      D:\Python\BD\4318140303002DX_P4-3\0005.bd = B
2014-07-16 14:48:17,451 INFO      D:\Python\BD\4318140303002DX_P4-3\0006.bd = B
2014-07-16 14:48:17,499 INFO      D:\Python\BD\4318140303002DX_P4-3\0007.bd = B
2014-07-16 14:48:17,539 INFO      Success!
2014-07-16 14:48:17,546 INFO      D:\Python\BD\4318140303002DX_P4-4\0004.bd = C
2014-07-16 14:48:17,595 INFO      Success!
2014-07-16 14:48:24,818 INFO      --------------------------------------------------------------
2014-07-16 14:48:24,819 INFO      Start!
2014-07-16 14:48:24,839 INFO      Find Directory:  2504140520003DX_P7-7
2014-07-16 14:48:24,841 INFO      Find Directory:  4318140303002DX_P4-3
2014-07-16 14:48:24,841 INFO      Find Directory:  4318140303002DX_P4-4
2014-07-16 14:48:24,844 INFO      Success!
2014-07-16 14:48:24,867 INFO      D:\Python\BD\4318140303002DX_P4-3\0003.bd =  
2014-07-16 14:48:25,058 INFO      D:\Python\BD\4318140303002DX_P4-3\0004.ss = C
2014-07-16 14:48:25,105 INFO      D:\Python\BD\4318140303002DX_P4-3\0005.bd = B
2014-07-16 14:48:25,148 INFO      D:\Python\BD\4318140303002DX_P4-3\0006.bd = B
2014-07-16 14:48:25,183 INFO      D:\Python\BD\4318140303002DX_P4-3\0007.bd = B
2014-07-16 14:48:25,223 INFO      Success!
2014-07-16 14:48:25,230 INFO      D:\Python\BD\4318140303002DX_P4-4\0004.bd = C
2014-07-16 14:48:25,266 INFO      Success!
2014-07-16 14:49:18,082 INFO      --------------------------------------------------------------
2014-07-16 14:49:18,082 INFO      Start!
2014-07-16 14:49:18,102 INFO      Find Directory:  2504140520003DX_P7-7
2014-07-16 14:49:18,104 INFO      Find Directory:  4318140303002DX_P4-3
2014-07-16 14:49:18,105 INFO      Find Directory:  4318140303002DX_P4-4
2014-07-16 14:49:18,107 INFO      Success!
2014-07-16 14:49:18,130 INFO      D:\Python\BD\4318140303002DX_P4-3\0003.bd =  
2014-07-16 14:49:18,276 ERROR    syntax error: line 1, column 0
2014-07-16 14:49:50,759 INFO      --------------------------------------------------------------
2014-07-16 14:49:50,759 INFO      Start!
2014-07-16 14:49:50,776 INFO      Find Directory:  2504140520003DX_P7-7
2014-07-16 14:49:50,776 INFO      Find Directory:  4318140303002DX_P4-3
2014-07-16 14:49:50,778 INFO      Find Directory:  4318140303002DX_P4-4
2014-07-16 14:49:50,779 INFO      Success!
2014-07-16 14:49:50,801 INFO      D:\Python\BD\4318140303002DX_P4-3\0003.bd =  
2014-07-16 14:49:50,957 ERROR    syntax error: line 1, column 0
2014-07-16 14:51:03,970 INFO      --------------------------------------------------------------
2014-07-16 14:51:03,970 INFO      Start!
2014-07-16 14:51:03,986 INFO      Find Directory:  2504140520003DX_P7-7
2014-07-16 14:51:03,986 INFO      Find Directory:  4318140303002DX_P4-3
2014-07-16 14:51:03,986 INFO      Find Directory:  4318140303002DX_P4-4
2014-07-16 14:51:03,987 INFO      Success!
2014-07-16 14:51:04,005 INFO      D:\Python\BD\4318140303002DX_P4-3\0003.bd =  
2014-07-16 14:51:04,148 INFO      D:\Python\BD\4318140303002DX_P4-3\0005.bd = B
2014-07-16 14:51:04,184 INFO      D:\Python\BD\4318140303002DX_P4-3\0006.bd = B
2014-07-16 14:51:04,226 INFO      D:\Python\BD\4318140303002DX_P4-3\0007.bd = B
2014-07-16 14:51:04,266 INFO      Success!
2014-07-16 14:51:04,273 INFO      D:\Python\BD\4318140303002DX_P4-4\0004.bd = C
2014-07-16 14:51:04,308 INFO      Success!
2014-07-16 14:51:35,621 INFO      --------------------------------------------------------------
2014-07-16 14:51:35,622 INFO      Start!
2014-07-16 14:51:35,638 INFO      Find Directory:  2504140520003DX_P7-7
2014-07-16 14:51:35,640 INFO      Find Directory:  4318140303002DX_P4-3
2014-07-16 14:51:35,640 INFO      Find Directory:  4318140303002DX_P4-4
2014-07-16 14:51:35,641 INFO      Success!
2014-07-16 14:51:35,663 INFO      D:\Python\BD\4318140303002DX_P4-3\0003.bd =  
2014-07-16 14:51:35,822 INFO      D:\Python\BD\4318140303002DX_P4-3\0005.bd = B
2014-07-16 14:51:35,862 INFO      D:\Python\BD\4318140303002DX_P4-3\0006.bd = B
2014-07-16 14:51:35,903 INFO      D:\Python\BD\4318140303002DX_P4-3\0007.bd = B
2014-07-16 14:51:35,941 INFO      Success!
2014-07-16 14:51:35,948 INFO      D:\Python\BD\4318140303002DX_P4-4\0004.bd = C
2014-07-16 14:51:35,986 INFO      Success!
2014-07-16 14:51:49,013 INFO      --------------------------------------------------------------
2014-07-16 14:51:49,015 INFO      Start!
2014-07-16 14:51:49,030 INFO      Find Directory:  2504140520003DX_P7-7
2014-07-16 14:51:49,032 INFO      Find Directory:  4318140303002DX_P4-3
2014-07-16 14:51:49,032 INFO      Find Directory:  4318140303002DX_P4-4
2014-07-16 14:51:49,033 INFO      Success!
2014-07-16 14:51:49,052 INFO      D:\Python\BD\4318140303002DX_P4-3\0003.bd =  
2014-07-16 14:51:49,194 INFO      D:\Python\BD\4318140303002DX_P4-3\0005.bd = B
2014-07-16 14:51:49,244 INFO      D:\Python\BD\4318140303002DX_P4-3\0006.bd = B
2014-07-16 14:51:49,289 INFO      D:\Python\BD\4318140303002DX_P4-3\0007.bd = B
2014-07-16 14:51:49,335 INFO      Success!
2014-07-16 14:51:49,342 INFO      D:\Python\BD\4318140303002DX_P4-4\0004.bd = C
2014-07-16 14:51:49,375 INFO      Success!
2014-07-17 11:35:53,312 INFO      --------------------------------------------------------------
2014-07-17 11:35:53,331 INFO      Start!
2014-07-17 11:35:53,382 INFO      Find Directory:  2504140520003DX_P7-7
2014-07-17 11:35:53,384 INFO      Find Directory:  4318140303002DX_P4-3
2014-07-17 11:35:53,384 INFO      Find Directory:  4318140303002DX_P4-4
2014-07-17 11:35:53,388 INFO      Success!
2014-07-17 11:35:53,493 INFO      D:\Python\BD\4318140303002DX_P4-3\0003.bd =  
2014-07-17 11:35:59,907 INFO      D:\Python\BD\4318140303002DX_P4-3\0005.bd = B
2014-07-17 11:36:02,983 INFO      D:\Python\BD\4318140303002DX_P4-3\0006.bd = B
2014-07-17 11:36:05,963 INFO      D:\Python\BD\4318140303002DX_P4-3\0007.bd = B
2014-07-17 11:36:08,834 INFO      Success!
2014-07-17 11:36:08,841 INFO      D:\Python\BD\4318140303002DX_P4-4\0004.bd = C
2014-07-17 11:36:12,092 INFO      Success!
2014-07-17 11:36:53,608 INFO      --------------------------------------------------------------
2014-07-17 11:36:53,608 INFO      Start!
2014-07-17 11:36:53,627 INFO      Find Directory:  2504140520003DX_P7-7
2014-07-17 11:36:53,627 INFO      Find Directory:  4318140303002DX_P4-3
2014-07-17 11:36:53,628 INFO      Find Directory:  4318140303002DX_P4-4
2014-07-17 11:36:53,631 INFO      Success!
2014-07-17 11:36:53,651 INFO      D:\Python\BD\4318140303002DX_P4-3\0003.bd =  
2014-07-17 11:36:53,796 INFO      D:\Python\BD\4318140303002DX_P4-3\0005.bd = B
2014-07-17 11:36:53,835 INFO      D:\Python\BD\4318140303002DX_P4-3\0006.bd = B
2014-07-17 11:36:53,885 INFO      D:\Python\BD\4318140303002DX_P4-3\0007.bd = B
2014-07-17 11:36:53,924 INFO      Success!
2014-07-17 11:36:53,933 INFO      D:\Python\BD\4318140303002DX_P4-4\0004.bd = C
2014-07-17 11:36:53,980 INFO      Success!
2014-07-17 11:38:10,973 INFO      --------------------------------------------------------------
2014-07-17 11:38:10,973 INFO      Start!
2014-07-17 11:38:10,993 INFO      Find Directory:  2504140520003DX_P7-7
2014-07-17 11:38:10,994 INFO      Find Directory:  4318140303002DX_P4-3
2014-07-17 11:38:10,994 INFO      Find Directory:  4318140303002DX_P4-4
2014-07-17 11:38:10,997 INFO      Success!
2014-07-17 11:38:11,019 INFO      D:\Python\BD\4318140303002DX_P4-3\0003.bd =  
2014-07-17 11:38:11,165 INFO      D:\Python\BD\4318140303002DX_P4-3\0005.bd = B
2014-07-17 11:38:11,209 INFO      D:\Python\BD\4318140303002DX_P4-3\0006.bd = B
2014-07-17 11:38:11,256 INFO      D:\Python\BD\4318140303002DX_P4-3\0007.bd = B
2014-07-17 11:38:11,308 INFO      Success!
2014-07-17 11:38:11,315 INFO      D:\Python\BD\4318140303002DX_P4-4\0004.bd = C
2014-07-17 11:38:11,351 INFO      Success!
2014-07-17 11:43:19,098 INFO      --------------------------------------------------------------
2014-07-17 11:43:19,098 INFO      Start!
2014-07-17 11:43:19,118 INFO      Find Directory:  2504140520003DX_P7-7
2014-07-17 11:43:19,119 INFO      Find Directory:  4318140303002DX_P4-3
2014-07-17 11:43:19,119 INFO      Find Directory:  4318140303002DX_P4-4
2014-07-17 11:43:19,122 INFO      Success!
2014-07-17 11:43:19,151 INFO      D:\Python\BD\4318140303002DX_P4-3\0003.bd =  
2014-07-17 11:43:19,322 INFO      D:\Python\BD\4318140303002DX_P4-3\0005.bd = B
2014-07-17 11:43:19,361 INFO      D:\Python\BD\4318140303002DX_P4-3\0006.bd = B
2014-07-17 11:43:19,424 INFO      D:\Python\BD\4318140303002DX_P4-3\0007.bd = B
2014-07-17 11:43:19,464 INFO      Success!
2014-07-17 11:43:19,473 INFO      D:\Python\BD\4318140303002DX_P4-4\0004.bd = C
2014-07-17 11:43:19,515 INFO      Success!
2014-07-17 11:43:25,848 INFO      --------------------------------------------------------------
2014-07-17 11:43:25,849 INFO      Start!
2014-07-17 11:43:25,871 INFO      Find Directory:  2504140520003DX_P7-7
2014-07-17 11:43:25,872 INFO      Find Directory:  4318140303002DX_P4-3
2014-07-17 11:43:25,874 INFO      Find Directory:  4318140303002DX_P4-4
2014-07-17 11:43:25,875 INFO      Success!
2014-07-17 11:43:25,900 INFO      D:\Python\BD\4318140303002DX_P4-3\0003.bd =  
2014-07-17 11:43:26,062 INFO      D:\Python\BD\4318140303002DX_P4-3\0005.bd = B
2014-07-17 11:43:26,112 INFO      D:\Python\BD\4318140303002DX_P4-3\0006.bd = B
2014-07-17 11:43:26,163 INFO      D:\Python\BD\4318140303002DX_P4-3\0007.bd = B
2014-07-17 11:43:26,201 INFO      Success!
2014-07-17 11:43:26,209 INFO      D:\Python\BD\4318140303002DX_P4-4\0004.bd = C
2014-07-17 11:43:26,249 INFO      Success!
2014-07-17 11:43:38,397 INFO      --------------------------------------------------------------
2014-07-17 11:43:38,398 INFO      Start!
2014-07-17 11:43:38,417 INFO      Find Directory:  2504140520003DX_P7-7
2014-07-17 11:43:38,417 INFO      Find Directory:  4318140303002DX_P4-3
2014-07-17 11:43:38,417 INFO      Find Directory:  4318140303002DX_P4-4
2014-07-17 11:43:38,421 INFO      Success!
2014-07-17 11:43:38,440 INFO      D:\Python\BD\4318140303002DX_P4-3\0003.bd =  
2014-07-17 11:43:38,601 INFO      D:\Python\BD\4318140303002DX_P4-3\0005.bd = B
2014-07-17 11:43:38,641 INFO      D:\Python\BD\4318140303002DX_P4-3\0006.bd = B
2014-07-17 11:43:38,680 INFO      D:\Python\BD\4318140303002DX_P4-3\0007.bd = B
2014-07-17 11:43:38,717 INFO      Success!
2014-07-17 11:43:38,729 INFO      D:\Python\BD\4318140303002DX_P4-4\0004.bd = C
2014-07-17 11:43:38,766 INFO      Success!
2014-07-17 11:44:00,805 INFO      --------------------------------------------------------------
2014-07-17 11:44:00,805 INFO      Start!
2014-07-17 11:44:00,825 INFO      Find Directory:  2504140520003DX_P7-7
2014-07-17 11:44:00,825 INFO      Find Directory:  4318140303002DX_P4-3
2014-07-17 11:44:00,825 INFO      Find Directory:  4318140303002DX_P4-4
2014-07-17 11:44:00,828 INFO      Success!
2014-07-17 11:44:00,849 INFO      D:\Python\BD\4318140303002DX_P4-3\0003.bd =  
2014-07-17 11:44:01,020 INFO      D:\Python\BD\4318140303002DX_P4-3\0005.bd = B
2014-07-17 11:44:01,069 INFO      D:\Python\BD\4318140303002DX_P4-3\0006.bd = B
2014-07-17 11:44:01,117 INFO      D:\Python\BD\4318140303002DX_P4-3\0007.bd = B
2014-07-17 11:44:01,157 INFO      Success!
2014-07-17 11:44:01,168 INFO      D:\Python\BD\4318140303002DX_P4-4\0004.bd = C
2014-07-17 11:44:01,210 INFO      Success!
2014-07-17 11:44:02,730 INFO      --------------------------------------------------------------
2014-07-17 11:44:02,730 INFO      Start!
2014-07-17 11:44:02,744 INFO      Find Directory:  2504140520003DX_P7-7
2014-07-17 11:44:02,746 INFO      Find Directory:  4318140303002DX_P4-3
2014-07-17 11:44:02,746 INFO      Find Directory:  4318140303002DX_P4-4
2014-07-17 11:44:02,749 INFO      Success!
2014-07-17 11:44:02,766 INFO      D:\Python\BD\4318140303002DX_P4-3\0003.bd =  
2014-07-17 11:44:02,930 INFO      D:\Python\BD\4318140303002DX_P4-3\0005.bd = B
2014-07-17 11:44:02,967 INFO      D:\Python\BD\4318140303002DX_P4-3\0006.bd = B
2014-07-17 11:44:03,007 INFO      D:\Python\BD\4318140303002DX_P4-3\0007.bd = B
2014-07-17 11:44:03,056 INFO      Success!
2014-07-17 11:44:03,063 INFO      D:\Python\BD\4318140303002DX_P4-4\0004.bd = C
2014-07-17 11:44:03,107 INFO      Success!
2014-07-17 11:44:06,181 INFO      --------------------------------------------------------------
2014-07-17 11:44:06,183 INFO      Start!
2014-07-17 11:44:06,204 INFO      Find Directory:  2504140520003DX_P7-7
2014-07-17 11:44:06,206 INFO      Find Directory:  4318140303002DX_P4-3
2014-07-17 11:44:06,207 INFO      Find Directory:  4318140303002DX_P4-4
2014-07-17 11:44:06,210 INFO      Success!
2014-07-17 11:44:06,233 INFO      D:\Python\BD\4318140303002DX_P4-3\0003.bd =  
2014-07-17 11:44:06,394 INFO      D:\Python\BD\4318140303002DX_P4-3\0005.bd = B
2014-07-17 11:44:06,520 INFO      D:\Python\BD\4318140303002DX_P4-3\0006.bd = B
2014-07-17 11:44:06,578 INFO      D:\Python\BD\4318140303002DX_P4-3\0007.bd = B
2014-07-17 11:44:06,627 INFO      Success!
2014-07-17 11:44:06,634 INFO      D:\Python\BD\4318140303002DX_P4-4\0004.bd = C
2014-07-17 11:44:06,694 INFO      Success!
2014-07-17 11:45:09,345 INFO      --------------------------------------------------------------
2014-07-17 11:45:09,345 INFO      Start!
2014-07-17 11:45:09,364 INFO      Find Directory:  2504140520003DX_P7-7
2014-07-17 11:45:09,365 INFO      Find Directory:  4318140303002DX_P4-3
2014-07-17 11:45:09,365 INFO      Find Directory:  4318140303002DX_P4-4
2014-07-17 11:45:09,368 INFO      Success!
2014-07-17 11:45:09,388 INFO      D:\Python\BD\4318140303002DX_P4-3\0003.bd =  
2014-07-17 11:45:09,549 INFO      D:\Python\BD\4318140303002DX_P4-3\0005.bd = B
2014-07-17 11:45:09,596 INFO      D:\Python\BD\4318140303002DX_P4-3\0006.bd = B
2014-07-17 11:45:09,648 INFO      D:\Python\BD\4318140303002DX_P4-3\0007.bd = B
2014-07-17 11:45:09,696 INFO      Success!
2014-07-17 11:45:09,703 INFO      D:\Python\BD\4318140303002DX_P4-4\0004.bd = C
2014-07-17 11:45:09,744 INFO      Success!
2014-07-17 11:45:11,993 INFO      --------------------------------------------------------------
2014-07-17 11:45:11,993 INFO      Start!
2014-07-17 11:45:12,015 INFO      Find Directory:  2504140520003DX_P7-7
2014-07-17 11:45:12,016 INFO      Find Directory:  4318140303002DX_P4-3
2014-07-17 11:45:12,016 INFO      Find Directory:  4318140303002DX_P4-4
2014-07-17 11:45:12,019 INFO      Success!
2014-07-17 11:45:12,045 INFO      D:\Python\BD\4318140303002DX_P4-3\0003.bd =  
2014-07-17 11:45:12,190 INFO      D:\Python\BD\4318140303002DX_P4-3\0005.bd = B
2014-07-17 11:45:12,240 INFO      D:\Python\BD\4318140303002DX_P4-3\0006.bd = B
2014-07-17 11:45:12,290 INFO      D:\Python\BD\4318140303002DX_P4-3\0007.bd = B
2014-07-17 11:45:12,328 INFO      Success!
2014-07-17 11:45:12,335 INFO      D:\Python\BD\4318140303002DX_P4-4\0004.bd = C
2014-07-17 11:45:12,377 INFO      Success!
2014-07-17 11:47:25,836 INFO      --------------------------------------------------------------
2014-07-17 11:47:25,836 INFO      Start!
2014-07-17 11:47:25,858 INFO      Find Directory:  2504140520003DX_P7-7
2014-07-17 11:47:25,858 INFO      Find Directory:  4318140303002DX_P4-3
2014-07-17 11:47:25,859 INFO      Find Directory:  4318140303002DX_P4-4
2014-07-17 11:47:25,861 ERROR    File not open for reading
2014-07-17 11:47:37,388 INFO      --------------------------------------------------------------
2014-07-17 11:47:37,388 INFO      Start!
2014-07-17 11:47:37,410 INFO      Find Directory:  2504140520003DX_P7-7
2014-07-17 11:47:37,411 INFO      Find Directory:  4318140303002DX_P4-3
2014-07-17 11:47:37,411 INFO      Find Directory:  4318140303002DX_P4-4
2014-07-17 11:47:37,413 ERROR    File not open for reading
2014-07-17 11:47:48,101 INFO      --------------------------------------------------------------
2014-07-17 11:47:48,101 INFO      Start!
2014-07-17 11:47:48,121 INFO      Find Directory:  2504140520003DX_P7-7
2014-07-17 11:47:48,122 INFO      Find Directory:  4318140303002DX_P4-3
2014-07-17 11:47:48,122 INFO      Find Directory:  4318140303002DX_P4-4
2014-07-17 11:47:48,124 ERROR    File not open for reading
2014-07-17 11:48:21,904 INFO      --------------------------------------------------------------
2014-07-17 11:48:21,904 INFO      Start!
2014-07-17 11:48:21,923 INFO      Find Directory:  2504140520003DX_P7-7
2014-07-17 11:48:21,924 INFO      Find Directory:  4318140303002DX_P4-3
2014-07-17 11:48:21,924 INFO      Find Directory:  4318140303002DX_P4-4
2014-07-17 11:48:21,924 ERROR    File not open for reading
2014-07-17 11:48:29,483 INFO      --------------------------------------------------------------
2014-07-17 11:48:29,483 INFO      Start!
2014-07-17 11:48:29,503 INFO      Find Directory:  2504140520003DX_P7-7
2014-07-17 11:48:29,505 INFO      Find Directory:  4318140303002DX_P4-3
2014-07-17 11:48:29,506 INFO      Find Directory:  4318140303002DX_P4-4
2014-07-17 11:48:29,506 ERROR    File not open for reading
2014-07-17 11:49:21,651 INFO      --------------------------------------------------------------
2014-07-17 11:49:21,651 INFO      Start!
2014-07-17 11:49:21,677 INFO      Find Directory:  2504140520003DX_P7-7
2014-07-17 11:49:21,677 INFO      Find Directory:  4318140303002DX_P4-3
2014-07-17 11:49:21,678 INFO      Find Directory:  4318140303002DX_P4-4
2014-07-17 11:49:21,684 INFO      Success!
2014-07-17 11:49:21,709 INFO      D:\Python\BD\4318140303002DX_P4-3\0003.bd =  
2014-07-17 11:49:21,871 INFO      D:\Python\BD\4318140303002DX_P4-3\0005.bd = B
2014-07-17 11:49:21,914 INFO      D:\Python\BD\4318140303002DX_P4-3\0006.bd = B
2014-07-17 11:49:21,964 INFO      D:\Python\BD\4318140303002DX_P4-3\0007.bd = B
2014-07-17 11:49:22,006 INFO      Success!
2014-07-17 11:49:22,015 INFO      D:\Python\BD\4318140303002DX_P4-4\0004.bd = C
2014-07-17 11:49:22,049 INFO      Success!
2014-07-17 11:53:13,448 INFO      --------------------------------------------------------------
2014-07-17 11:53:13,450 INFO      Start!
2014-07-17 11:53:13,480 INFO      Find Directory:  2504140520003DX_P7-7
2014-07-17 11:53:13,480 INFO      Find Directory:  4318140303002DX_P4-3
2014-07-17 11:53:13,482 INFO      Find Directory:  4318140303002DX_P4-4
2014-07-17 11:53:46,657 INFO      --------------------------------------------------------------
2014-07-17 11:53:46,657 INFO      Start!
2014-07-17 11:53:46,677 INFO      Find Directory:  2504140520003DX_P7-7
2014-07-17 11:53:46,677 INFO      Find Directory:  4318140303002DX_P4-3
2014-07-17 11:53:46,678 INFO      Find Directory:  4318140303002DX_P4-4
2014-07-17 11:53:46,681 ERROR    [Errno 0] Error
2014-07-17 11:54:39,015 INFO      --------------------------------------------------------------
2014-07-17 11:54:39,016 INFO      Start!
2014-07-17 11:54:39,039 INFO      Find Directory:  2504140520003DX_P7-7
2014-07-17 11:54:39,039 INFO      Find Directory:  4318140303002DX_P4-3
2014-07-17 11:54:39,040 INFO      Find Directory:  4318140303002DX_P4-4
2014-07-17 11:54:39,043 ERROR    [Errno 0] Error
2014-07-17 11:55:10,657 INFO      --------------------------------------------------------------
2014-07-17 11:55:10,658 INFO      Start!
2014-07-17 11:55:10,678 INFO      Find Directory:  2504140520003DX_P7-7
2014-07-17 11:55:10,678 INFO      Find Directory:  4318140303002DX_P4-3
2014-07-17 11:55:10,680 INFO      Find Directory:  4318140303002DX_P4-4
2014-07-17 11:57:32,819 INFO      --------------------------------------------------------------
2014-07-17 11:57:32,819 INFO      Start!
2014-07-17 11:57:32,841 INFO      Find Directory:  2504140520003DX_P7-7
2014-07-17 11:57:32,842 INFO      Find Directory:  4318140303002DX_P4-3
2014-07-17 11:57:32,842 INFO      Find Directory:  4318140303002DX_P4-4
2014-07-17 11:57:32,845 INFO      Success!
2014-07-17 11:57:32,869 INFO      D:\Python\BD\4318140303002DX_P4-3\0003.bd =  
2014-07-17 11:57:33,035 INFO      D:\Python\BD\4318140303002DX_P4-3\0005.bd = B
2014-07-17 11:57:33,076 INFO      D:\Python\BD\4318140303002DX_P4-3\0006.bd = B
2014-07-17 11:57:33,125 INFO      D:\Python\BD\4318140303002DX_P4-3\0007.bd = B
2014-07-17 11:57:33,168 INFO      Success!
2014-07-17 11:57:33,176 INFO      D:\Python\BD\4318140303002DX_P4-4\0004.bd = C
2014-07-17 11:57:33,223 INFO      Success!
2014-07-17 11:57:45,216 INFO      --------------------------------------------------------------
2014-07-17 11:57:45,217 INFO      Start!
2014-07-17 11:57:45,243 INFO      Find Directory:  2504140520003DX_P7-7
2014-07-17 11:57:45,243 INFO      Find Directory:  4318140303002DX_P4-3
2014-07-17 11:57:45,244 INFO      Find Directory:  4318140303002DX_P4-4
2014-07-17 11:58:16,176 INFO      --------------------------------------------------------------
2014-07-17 11:58:16,177 INFO      Start!
2014-07-17 11:58:16,197 INFO      Find Directory:  2504140520003DX_P7-7
2014-07-17 11:58:16,197 INFO      Find Directory:  4318140303002DX_P4-3
2014-07-17 11:58:16,198 INFO      Find Directory:  4318140303002DX_P4-4
2014-07-17 11:58:30,880 INFO      --------------------------------------------------------------
2014-07-17 11:58:30,880 INFO      Start!
2014-07-17 11:58:30,901 INFO      Find Directory:  2504140520003DX_P7-7
2014-07-17 11:58:30,901 INFO      Find Directory:  4318140303002DX_P4-3
2014-07-17 11:58:30,903 INFO      Find Directory:  4318140303002DX_P4-4
2014-07-17 11:58:46,312 INFO      --------------------------------------------------------------
2014-07-17 11:58:46,313 INFO      Start!
2014-07-17 11:58:46,332 INFO      Find Directory:  2504140520003DX_P7-7
2014-07-17 11:58:46,332 INFO      Find Directory:  4318140303002DX_P4-3
2014-07-17 11:58:46,334 INFO      Find Directory:  4318140303002DX_P4-4
2014-07-17 11:58:58,776 INFO      --------------------------------------------------------------
2014-07-17 11:58:58,778 INFO      Start!
2014-07-17 11:58:58,798 INFO      Find Directory:  2504140520003DX_P7-7
2014-07-17 11:58:58,799 INFO      Find Directory:  4318140303002DX_P4-3
2014-07-17 11:58:58,799 INFO      Find Directory:  4318140303002DX_P4-4
2014-07-17 11:58:58,802 INFO      Success!
2014-07-17 11:58:58,826 INFO      D:\Python\BD\4318140303002DX_P4-3\0003.bd =  
2014-07-17 11:58:58,980 INFO      D:\Python\BD\4318140303002DX_P4-3\0005.bd = B
2014-07-17 11:58:59,026 INFO      D:\Python\BD\4318140303002DX_P4-3\0006.bd = B
2014-07-17 11:58:59,072 INFO      D:\Python\BD\4318140303002DX_P4-3\0007.bd = B
2014-07-17 11:58:59,118 INFO      Success!
2014-07-17 11:58:59,125 INFO      D:\Python\BD\4318140303002DX_P4-4\0004.bd = C
2014-07-17 11:58:59,168 INFO      Success!
2014-07-17 11:59:22,387 INFO      --------------------------------------------------------------
2014-07-17 11:59:22,388 INFO      Start!
2014-07-17 11:59:22,424 INFO      Find Directory:  2504140520003DX_P7-7
2014-07-17 11:59:22,427 INFO      Find Directory:  4318140303002DX_P4-3
2014-07-17 11:59:22,427 INFO      Find Directory:  4318140303002DX_P4-4
2014-07-17 11:59:22,434 INFO      Success!
2014-07-17 11:59:22,464 INFO      D:\Python\BD\4318140303002DX_P4-3\0003.bd =  
2014-07-17 11:59:22,611 INFO      D:\Python\BD\4318140303002DX_P4-3\0005.bd = B
2014-07-17 11:59:22,664 INFO      D:\Python\BD\4318140303002DX_P4-3\0006.bd = B
2014-07-17 11:59:22,717 INFO      D:\Python\BD\4318140303002DX_P4-3\0007.bd = B
2014-07-17 11:59:22,756 INFO      Success!
2014-07-17 11:59:22,765 INFO      D:\Python\BD\4318140303002DX_P4-4\0004.bd = C
2014-07-17 11:59:22,809 INFO      Success!
2014-07-17 11:59:26,332 INFO      --------------------------------------------------------------
2014-07-17 11:59:26,334 INFO      Start!
2014-07-17 11:59:26,355 INFO      Find Directory:  2504140520003DX_P7-7
2014-07-17 11:59:26,355 INFO      Find Directory:  4318140303002DX_P4-3
2014-07-17 11:59:26,357 INFO      Find Directory:  4318140303002DX_P4-4
2014-07-17 11:59:34,125 INFO      --------------------------------------------------------------
2014-07-17 11:59:34,125 INFO      Start!
2014-07-17 11:59:34,147 INFO      Find Directory:  2504140520003DX_P7-7
2014-07-17 11:59:34,148 INFO      Find Directory:  4318140303002DX_P4-3
2014-07-17 11:59:34,148 INFO      Find Directory:  4318140303002DX_P4-4
2014-07-17 12:01:03,688 INFO      --------------------------------------------------------------
2014-07-17 12:01:03,690 INFO      Start!
2014-07-17 12:01:03,713 INFO      Find Directory:  2504140520003DX_P7-7
2014-07-17 12:01:03,713 INFO      Find Directory:  4318140303002DX_P4-3
2014-07-17 12:01:03,714 INFO      Find Directory:  4318140303002DX_P4-4
2014-07-17 12:01:03,717 ERROR    expected a character buffer object
2014-07-17 12:02:27,556 INFO      --------------------------------------------------------------
2014-07-17 12:02:27,558 INFO      Start!
2014-07-17 12:02:27,579 INFO      Find Directory:  2504140520003DX_P7-7
2014-07-17 12:02:27,581 INFO      Find Directory:  4318140303002DX_P4-3
2014-07-17 12:02:27,581 INFO      Find Directory:  4318140303002DX_P4-4
2014-07-17 12:02:27,584 ERROR    expected a character buffer object
2014-07-17 12:05:09,157 INFO      --------------------------------------------------------------
2014-07-17 12:05:09,158 INFO      Start!
2014-07-17 12:05:09,181 INFO      Find Directory:  2504140520003DX_P7-7
2014-07-17 12:05:09,181 INFO      Find Directory:  4318140303002DX_P4-3
2014-07-17 12:05:09,183 INFO      Find Directory:  4318140303002DX_P4-4
2014-07-17 12:05:09,187 INFO      Success!
2014-07-17 12:05:09,216 INFO      D:\Python\BD\4318140303002DX_P4-3\0003.bd =  
2014-07-17 12:05:09,359 INFO      D:\Python\BD\4318140303002DX_P4-3\0005.bd = B
2014-07-17 12:05:09,403 INFO      D:\Python\BD\4318140303002DX_P4-3\0006.bd = B
2014-07-17 12:05:09,454 INFO      D:\Python\BD\4318140303002DX_P4-3\0007.bd = B
2014-07-17 12:05:09,494 INFO      Success!
2014-07-17 12:05:09,503 INFO      D:\Python\BD\4318140303002DX_P4-4\0004.bd = C
2014-07-17 12:05:09,543 INFO      Success!
2014-07-17 12:06:20,413 INFO      --------------------------------------------------------------
2014-07-17 12:06:20,414 INFO      Start!
2014-07-17 12:06:20,434 INFO      Find Directory:  2504140520003DX_P7-7
2014-07-17 12:06:20,434 INFO      Find Directory:  4318140303002DX_P4-3
2014-07-17 12:06:20,434 INFO      Find Directory:  4318140303002DX_P4-4
2014-07-17 12:06:26,789 INFO      --------------------------------------------------------------
2014-07-17 12:06:26,789 INFO      Start!
2014-07-17 12:06:26,811 INFO      Find Directory:  2504140520003DX_P7-7
2014-07-17 12:06:26,812 INFO      Find Directory:  4318140303002DX_P4-3
2014-07-17 12:06:26,812 INFO      Find Directory:  4318140303002DX_P4-4
2014-07-17 12:06:26,815 INFO      Success!
2014-07-17 12:06:26,838 INFO      D:\Python\BD\4318140303002DX_P4-3\0003.bd =  
2014-07-17 12:06:27,000 INFO      D:\Python\BD\4318140303002DX_P4-3\0005.bd = B
2014-07-17 12:06:27,048 INFO      D:\Python\BD\4318140303002DX_P4-3\0006.bd = B
2014-07-17 12:06:27,089 INFO      D:\Python\BD\4318140303002DX_P4-3\0007.bd = B
2014-07-17 12:06:27,130 INFO      Success!
2014-07-17 12:06:27,138 INFO      D:\Python\BD\4318140303002DX_P4-4\0004.bd = C
2014-07-17 12:06:27,187 INFO      Success!
2014-07-17 15:23:41,319 INFO      --------------------------------------------------------------
2014-07-17 15:23:41,319 INFO      Start!
2014-07-17 15:23:41,341 INFO      Find Directory:  2504140520003DX_P7-7
2014-07-17 15:23:41,342 INFO      Find Directory:  4318140303002DX_P4-3
2014-07-17 15:23:41,342 INFO      Find Directory:  4318140303002DX_P4-4
2014-07-17 15:24:03,414 INFO      --------------------------------------------------------------
2014-07-17 15:24:03,415 INFO      Start!
2014-07-17 15:24:03,437 INFO      Find Directory:  2504140520003DX_P7-7
2014-07-17 15:24:03,438 INFO      Find Directory:  4318140303002DX_P4-3
2014-07-17 15:24:03,440 INFO      Find Directory:  4318140303002DX_P4-4
2014-07-17 15:24:03,470 INFO      D:\Python\BD\4318140303002DX_P4-4\0004.bd = C
2014-07-17 15:24:03,641 INFO      Success!
2014-07-17 15:43:44,335 INFO      --------------------------------------------------------------
2014-07-17 15:43:44,335 INFO      Start!
2014-07-17 15:43:44,358 INFO      Find Directory:  2504140520003DX_P7-7
2014-07-17 15:43:44,358 INFO      Find Directory:  4318140303002DX_P4-3
2014-07-17 15:43:44,358 INFO      Find Directory:  4318140303002DX_P4-4
2014-07-17 15:43:44,359 ERROR    [Errno 2] No such file or directory: 'Dir_List.txt'
2014-07-17 15:44:13,345 INFO      --------------------------------------------------------------
2014-07-17 15:44:13,345 INFO      Start!
2014-07-17 15:44:13,368 INFO      Find Directory:  2504140520003DX_P7-7
2014-07-17 15:44:13,368 INFO      Find Directory:  4318140303002DX_P4-3
2014-07-17 15:44:13,369 INFO      Find Directory:  4318140303002DX_P4-4
2014-07-17 15:44:13,371 ERROR    [Errno 2] No such file or directory: 'Dir_List.txt'
2014-07-17 15:44:18,822 INFO      --------------------------------------------------------------
2014-07-17 15:44:18,822 INFO      Start!
2014-07-17 15:44:18,842 INFO      Find Directory:  2504140520003DX_P7-7
2014-07-17 15:44:18,844 INFO      Find Directory:  4318140303002DX_P4-3
2014-07-17 15:44:18,845 INFO      Find Directory:  4318140303002DX_P4-4
2014-07-17 15:44:18,845 ERROR    [Errno 2] No such file or directory: 'Dir_List.txt'
2014-07-17 15:45:28,506 INFO      --------------------------------------------------------------
2014-07-17 15:45:28,506 INFO      Start!
2014-07-17 15:45:28,526 INFO      Find Directory:  2504140520003DX_P7-7
2014-07-17 15:45:28,526 INFO      Find Directory:  4318140303002DX_P4-3
2014-07-17 15:45:28,526 INFO      Find Directory:  4318140303002DX_P4-4
2014-07-17 15:45:28,528 ERROR    File not open for reading
2014-07-17 15:47:02,433 INFO      --------------------------------------------------------------
2014-07-17 15:47:02,434 INFO      Start!
2014-07-17 15:47:02,454 INFO      Find Directory:  2504140520003DX_P7-7
2014-07-17 15:47:02,456 INFO      Find Directory:  4318140303002DX_P4-3
2014-07-17 15:47:02,457 INFO      Find Directory:  4318140303002DX_P4-4
2014-07-17 15:47:02,460 INFO      Success!
2014-07-17 15:47:02,489 INFO      D:\Python\BD\4318140303002DX_P4-3\0003.bd =  
2014-07-17 15:47:02,640 INFO      D:\Python\BD\4318140303002DX_P4-3\0005.bd = B
2014-07-17 15:47:02,694 INFO      D:\Python\BD\4318140303002DX_P4-3\0006.bd = B
2014-07-17 15:47:02,732 INFO      D:\Python\BD\4318140303002DX_P4-3\0007.bd = B
2014-07-17 15:47:02,767 INFO      Success!
2014-07-17 15:47:02,776 INFO      D:\Python\BD\4318140303002DX_P4-4\0004.bd = C
2014-07-17 15:47:02,823 INFO      Success!
2014-07-17 15:47:54,451 INFO      --------------------------------------------------------------
2014-07-17 15:47:54,451 INFO      Start!
2014-07-17 15:47:54,474 INFO      Find Directory:  2504140520003DX_P7-7
2014-07-17 15:47:54,476 INFO      Find Directory:  4318140303002DX_P4-3
2014-07-17 15:47:54,476 INFO      Find Directory:  4318140303002DX_P4-4
2014-07-17 15:47:54,477 ERROR    [Errno 2] No such file or directory: 'Dir_List.txt'
2014-07-17 15:50:12,020 INFO      --------------------------------------------------------------
2014-07-17 15:50:12,022 INFO      Start!
2014-07-17 15:50:12,042 INFO      Find Directory:  2504140520003DX_P7-7
2014-07-17 15:50:12,042 INFO      Find Directory:  4318140303002DX_P4-3
2014-07-17 15:50:12,043 INFO      Find Directory:  4318140303002DX_P4-4
2014-07-17 15:50:12,043 ERROR    'module' object has no attribute 'exist'
2014-07-17 15:50:35,447 INFO      --------------------------------------------------------------
2014-07-17 15:50:35,448 INFO      Start!
2014-07-17 15:50:35,464 INFO      Find Directory:  2504140520003DX_P7-7
2014-07-17 15:50:35,464 INFO      Find Directory:  4318140303002DX_P4-3
2014-07-17 15:50:35,466 INFO      Find Directory:  4318140303002DX_P4-4
2014-07-17 15:50:35,466 ERROR    'module' object has no attribute 'mknod'
2014-07-17 15:51:12,463 INFO      --------------------------------------------------------------
2014-07-17 15:51:12,464 INFO      Start!
2014-07-17 15:51:12,484 INFO      Find Directory:  2504140520003DX_P7-7
2014-07-17 15:51:12,486 INFO      Find Directory:  4318140303002DX_P4-3
2014-07-17 15:51:12,486 INFO      Find Directory:  4318140303002DX_P4-4
2014-07-17 15:51:12,486 ERROR    'module' object has no attribute 'mknod'
2014-07-17 15:55:14,226 INFO      --------------------------------------------------------------
2014-07-17 15:55:14,226 INFO      Start!
2014-07-17 15:55:14,246 INFO      Find Directory:  2504140520003DX_P7-7
2014-07-17 15:55:14,246 INFO      Find Directory:  4318140303002DX_P4-3
2014-07-17 15:55:14,246 INFO      Find Directory:  4318140303002DX_P4-4
2014-07-17 15:55:14,250 INFO      Success!
2014-07-17 15:55:14,280 INFO      D:\Python\BD\4318140303002DX_P4-3\0003.bd =  
2014-07-17 15:55:14,450 INFO      D:\Python\BD\4318140303002DX_P4-3\0005.bd = B
2014-07-17 15:55:14,492 INFO      D:\Python\BD\4318140303002DX_P4-3\0006.bd = B
2014-07-17 15:55:14,545 INFO      D:\Python\BD\4318140303002DX_P4-3\0007.bd = B
2014-07-17 15:55:14,585 INFO      Success!
2014-07-17 15:55:14,592 INFO      D:\Python\BD\4318140303002DX_P4-4\0004.bd = C
2014-07-17 15:55:14,638 INFO      Success!
2014-07-17 15:55:27,473 INFO      --------------------------------------------------------------
2014-07-17 15:55:27,473 INFO      Start!
2014-07-17 15:55:27,496 INFO      Find Directory:  2504140520003DX_P7-7
2014-07-17 15:55:27,496 INFO      Find Directory:  4318140303002DX_P4-3
2014-07-17 15:55:27,496 INFO      Find Directory:  4318140303002DX_P4-4
2014-07-17 15:55:27,500 INFO      Success!
2014-07-17 15:55:27,525 INFO      D:\Python\BD\4318140303002DX_P4-3\0003.bd =  
2014-07-17 15:55:27,687 INFO      D:\Python\BD\4318140303002DX_P4-3\0005.bd = B
2014-07-17 15:55:27,737 INFO      D:\Python\BD\4318140303002DX_P4-3\0006.bd = B
2014-07-17 15:55:27,782 INFO      D:\Python\BD\4318140303002DX_P4-3\0007.bd = B
2014-07-17 15:55:27,831 INFO      Success!
2014-07-17 15:55:27,839 INFO      D:\Python\BD\4318140303002DX_P4-4\0004.bd = C
2014-07-17 15:55:27,878 INFO      Success!
2014-07-17 16:21:55,244 INFO      --------------------------------------------------------------
2014-07-17 16:21:55,246 INFO      Start!
2014-07-17 16:21:55,266 INFO      Find Directory:  2504140520003DX_P7-7
2014-07-17 16:21:55,266 INFO      Find Directory:  4318140303002DX_P4-3
2014-07-17 16:21:55,267 INFO      Find Directory:  4318140303002DX_P4-4
2014-07-17 16:21:55,270 INFO      Success!
2014-07-17 16:21:55,295 INFO      D:\Python\BD\4318140303002DX_P4-3\0003.bd =  
2014-07-17 16:21:55,457 INFO      D:\Python\BD\4318140303002DX_P4-3\0005.bd = B
2014-07-17 16:21:55,506 INFO      D:\Python\BD\4318140303002DX_P4-3\0006.bd = B
2014-07-17 16:21:55,559 INFO      D:\Python\BD\4318140303002DX_P4-3\0007.bd = B
2014-07-17 16:21:55,599 INFO      Success!
2014-07-17 16:21:55,608 INFO      D:\Python\BD\4318140303002DX_P4-4\0004.bd = C
2014-07-17 16:21:55,642 INFO      Success!
2014-07-17 16:22:07,594 INFO      --------------------------------------------------------------
2014-07-17 16:22:07,595 INFO      Start!
2014-07-17 16:22:07,615 INFO      Find Directory:  2504140520003DX_P7-7
2014-07-17 16:22:07,615 INFO      Find Directory:  4318140303002DX_P4-3
2014-07-17 16:22:07,617 INFO      Find Directory:  4318140303002DX_P4-4
2014-07-17 16:22:07,621 INFO      Success!
2014-07-17 16:22:07,644 INFO      D:\Python\BD\4318140303002DX_P4-3\0003.bd =  
2014-07-17 16:22:07,801 INFO      D:\Python\BD\4318140303002DX_P4-3\0005.bd = B
2014-07-17 16:22:07,836 INFO      D:\Python\BD\4318140303002DX_P4-3\0006.bd = B
2014-07-17 16:22:07,885 INFO      D:\Python\BD\4318140303002DX_P4-3\0007.bd = B
2014-07-17 16:22:07,927 INFO      Success!
2014-07-17 16:22:07,934 INFO      D:\Python\BD\4318140303002DX_P4-4\0004.bd = C
2014-07-17 16:22:07,980 INFO      Success!
2014-07-17 16:22:48,796 INFO      --------------------------------------------------------------
2014-07-17 16:22:48,798 INFO      Start!
2014-07-17 16:22:48,819 INFO      Find Directory:  2504140520003DX_P7-7
2014-07-17 16:22:48,821 INFO      Find Directory:  4318140303002DX_P4-3
2014-07-17 16:22:48,822 INFO      Find Directory:  4318140303002DX_P4-4
2014-07-17 16:22:57,259 INFO      --------------------------------------------------------------
2014-07-17 16:22:57,260 INFO      Start!
2014-07-17 16:22:57,280 INFO      Find Directory:  2504140520003DX_P7-7
2014-07-17 16:22:57,280 INFO      Find Directory:  4318140303002DX_P4-3
2014-07-17 16:22:57,282 INFO      Find Directory:  4318140303002DX_P4-4
2014-07-17 16:24:59,351 INFO      --------------------------------------------------------------
2014-07-17 16:24:59,351 INFO      Start!
2014-07-17 16:24:59,368 INFO      Find Directory:  2504140520003DX_P7-7
2014-07-17 16:24:59,368 INFO      Find Directory:  4318140303002DX_P4-3
2014-07-17 16:24:59,369 INFO      Find Directory:  4318140303002DX_P4-4
2014-07-17 16:24:59,374 INFO      Success!
2014-07-17 16:24:59,394 INFO      D:\Python\BD\4318140303002DX_P4-3\0003.bd =  
2014-07-17 16:24:59,548 INFO      D:\Python\BD\4318140303002DX_P4-3\0005.bd = B
2014-07-17 16:24:59,598 INFO      D:\Python\BD\4318140303002DX_P4-3\0006.bd = B
2014-07-17 16:24:59,648 INFO      D:\Python\BD\4318140303002DX_P4-3\0007.bd = B
2014-07-17 16:24:59,688 INFO      Success!
2014-07-17 16:24:59,696 INFO      D:\Python\BD\4318140303002DX_P4-4\0004.bd = C
2014-07-17 16:24:59,744 INFO      Success!
2014-07-17 16:25:04,392 INFO      --------------------------------------------------------------
2014-07-17 16:25:04,394 INFO      Start!
2014-07-17 16:25:04,415 INFO      Find Directory:  2504140520003DX_P7-7
2014-07-17 16:25:04,417 INFO      Find Directory:  4318140303002DX_P4-3
2014-07-17 16:25:04,417 INFO      Find Directory:  4318140303002DX_P4-4
2014-07-17 16:25:07,058 INFO      --------------------------------------------------------------
2014-07-17 16:25:07,059 INFO      Start!
2014-07-17 16:25:07,082 INFO      Find Directory:  2504140520003DX_P7-7
2014-07-17 16:25:07,082 INFO      Find Directory:  4318140303002DX_P4-3
2014-07-17 16:25:07,084 INFO      Find Directory:  4318140303002DX_P4-4
2014-07-17 16:25:11,816 INFO      --------------------------------------------------------------
2014-07-17 16:25:11,816 INFO      Start!
2014-07-17 16:25:11,836 INFO      Find Directory:  2504140520003DX_P7-7
2014-07-17 16:25:11,838 INFO      Find Directory:  4318140303002DX_P4-3
2014-07-17 16:25:11,838 INFO      Find Directory:  4318140303002DX_P4-4
2014-07-17 16:25:29,719 INFO      --------------------------------------------------------------
2014-07-17 16:25:29,720 INFO      Start!
2014-07-17 16:25:29,740 INFO      Find Directory:  2504140520003DX_P7-7
2014-07-17 16:25:29,742 INFO      Find Directory:  4318140303002DX_P4-3
2014-07-17 16:25:29,743 INFO      Find Directory:  4318140303002DX_P4-4
2014-07-17 16:25:29,746 INFO      Success!
2014-07-17 16:25:29,773 INFO      D:\Python\BD\4318140303002DX_P4-3\0003.bd =  
2014-07-17 16:25:29,936 INFO      D:\Python\BD\4318140303002DX_P4-3\0005.bd = B
2014-07-17 16:25:29,986 INFO      D:\Python\BD\4318140303002DX_P4-3\0006.bd = B
2014-07-17 16:25:30,026 INFO      D:\Python\BD\4318140303002DX_P4-3\0007.bd = B
2014-07-17 16:25:30,062 INFO      Success!
2014-07-17 16:25:30,069 INFO      D:\Python\BD\4318140303002DX_P4-4\0004.bd = C
2014-07-17 16:25:30,105 INFO      Success!
2014-07-17 16:25:35,385 INFO      --------------------------------------------------------------
2014-07-17 16:25:35,385 INFO      Start!
2014-07-17 16:25:35,411 INFO      Find Directory:  2504140520003DX_P7-7
2014-07-17 16:25:35,411 INFO      Find Directory:  4318140303002DX_P4-3
2014-07-17 16:25:35,411 INFO      Find Directory:  4318140303002DX_P4-4
